<?xml version="1.0" encoding="UTF-8"?>
<!-- Generated by org.testng.reporters.JUnitXMLReporter -->
<testsuite ignored="0" hostname="DESKTOP-CSGC024" failures="0" tests="5" name="Default test" time="25.478" errors="0" timestamp="2025-06-10T13:28:30 IST">
  <testcase classname="com.hrm.scenario1.Pages.LoginAndLogout" name="loginWithValidAndInvalidCred" time="6.358"/>
  <testcase classname="com.hrm.scenario1.Pages.LoginAndLogout" name="loginWithValidAndInvalidCred" time="6.863"/>
  <testcase classname="com.hrm.scenario1.Pages.LoginAndLogout" name="loginWithValidAndInvalidCred" time="1.941"/>
  <testcase classname="com.hrm.scenario1.Pages.LoginAndLogout" name="loginWithValidAndInvalidCred" time="1.82"/>
  <testcase classname="com.hrm.scenario1.Pages.LoginAndLogout" name="loginWithValidAndInvalidCred" time="1.794"/>
</testsuite> <!-- Default test -->
