<?xml version="1.0" encoding="UTF-8"?>
<!-- Generated by org.testng.reporters.JUnitXMLReporter -->
<testsuite ignored="0" hostname="DESKTOP-CSGC024" failures="0" tests="5" name="Test" time="31.64" errors="0" timestamp="2025-06-10T10:33:31 IST">
  <testcase classname="com.hrm.scenario2.TestCases.LoginTest" name="login" time="3.262"/>
  <testcase classname="com.hrm.scenario2.TestCases.AdminTest" name="assertCountAndNavigateToAdmin" time="3.8"/>
  <testcase classname="com.hrm.scenario2.TestCases.AdminTest" name="testByUserName" time="2.819"/>
  <testcase classname="com.hrm.scenario2.TestCases.AdminTest" name="testByUserRole" time="2.634"/>
  <testcase classname="com.hrm.scenario2.TestCases.AdminTest" name="testByUserStatus" time="3.118"/>
</testsuite> <!-- Test -->
