<?xml version="1.0" encoding="UTF-8"?>
<testng-results ignored="0" total="5" passed="5" failed="0" skipped="0">
  <reporter-output>
  </reporter-output>
  <suite started-at="2025-06-10T13:28:04 IST" name="Default suite" finished-at="2025-06-10T13:28:30 IST" duration-ms="25478">
    <groups>
    </groups>
    <test started-at="2025-06-10T13:28:04 IST" name="Default test" finished-at="2025-06-10T13:28:30 IST" duration-ms="25478">
      <class name="com.hrm.scenario1.Pages.LoginAndLogout">
        <test-method is-config="true" signature="setup()[pri:0, instance:com.hrm.scenario1.Pages.LoginAndLogout@510f3d34]" started-at="2025-06-10T13:28:04 IST" name="setup" finished-at="2025-06-10T13:28:09 IST" duration-ms="5386" status="PASS">
          <reporter-output>
          </reporter-output>
        </test-method> <!-- setup -->
        <test-method signature="loginWithValidAndInvalidCred(java.lang.String,java.lang.String)[pri:0, instance:com.hrm.scenario1.Pages.LoginAndLogout@510f3d34]" started-at="2025-06-10T13:28:10 IST" name="loginWithValidAndInvalidCred" data-provider="Excel" finished-at="2025-06-10T13:28:17 IST" duration-ms="6358" status="PASS">
          <params>
            <param index="0">
              <value>
                <![CDATA[Admin]]>
              </value>
            </param>
            <param index="1">
              <value>
                <![CDATA[admin123]]>
              </value>
            </param>
          </params>
          <reporter-output>
          </reporter-output>
        </test-method> <!-- loginWithValidAndInvalidCred -->
        <test-method signature="loginWithValidAndInvalidCred(java.lang.String,java.lang.String)[pri:0, instance:com.hrm.scenario1.Pages.LoginAndLogout@510f3d34]" started-at="2025-06-10T13:28:17 IST" name="loginWithValidAndInvalidCred" data-provider="Excel" finished-at="2025-06-10T13:28:24 IST" duration-ms="6863" status="PASS">
          <params>
            <param index="0">
              <value>
                <![CDATA[admin]]>
              </value>
            </param>
            <param index="1">
              <value>
                <![CDATA[admin123]]>
              </value>
            </param>
          </params>
          <reporter-output>
          </reporter-output>
        </test-method> <!-- loginWithValidAndInvalidCred -->
        <test-method signature="loginWithValidAndInvalidCred(java.lang.String,java.lang.String)[pri:0, instance:com.hrm.scenario1.Pages.LoginAndLogout@510f3d34]" started-at="2025-06-10T13:28:24 IST" name="loginWithValidAndInvalidCred" data-provider="Excel" finished-at="2025-06-10T13:28:26 IST" duration-ms="1941" status="PASS">
          <params>
            <param index="0">
              <value>
                <![CDATA[Admin]]>
              </value>
            </param>
            <param index="1">
              <value>
                <![CDATA[wrongpass]]>
              </value>
            </param>
          </params>
          <reporter-output>
          </reporter-output>
        </test-method> <!-- loginWithValidAndInvalidCred -->
        <test-method signature="loginWithValidAndInvalidCred(java.lang.String,java.lang.String)[pri:0, instance:com.hrm.scenario1.Pages.LoginAndLogout@510f3d34]" started-at="2025-06-10T13:28:26 IST" name="loginWithValidAndInvalidCred" data-provider="Excel" finished-at="2025-06-10T13:28:27 IST" duration-ms="1820" status="PASS">
          <params>
            <param index="0">
              <value>
                <![CDATA[test]]>
              </value>
            </param>
            <param index="1">
              <value>
                <![CDATA[test123]]>
              </value>
            </param>
          </params>
          <reporter-output>
          </reporter-output>
        </test-method> <!-- loginWithValidAndInvalidCred -->
        <test-method signature="loginWithValidAndInvalidCred(java.lang.String,java.lang.String)[pri:0, instance:com.hrm.scenario1.Pages.LoginAndLogout@510f3d34]" started-at="2025-06-10T13:28:27 IST" name="loginWithValidAndInvalidCred" data-provider="Excel" finished-at="2025-06-10T13:28:29 IST" duration-ms="1794" status="PASS">
          <params>
            <param index="0">
              <value>
                <![CDATA[user]]>
              </value>
            </param>
            <param index="1">
              <value>
                <![CDATA[pass]]>
              </value>
            </param>
          </params>
          <reporter-output>
          </reporter-output>
        </test-method> <!-- loginWithValidAndInvalidCred -->
        <test-method is-config="true" signature="close()[pri:0, instance:com.hrm.scenario1.Pages.LoginAndLogout@510f3d34]" started-at="2025-06-10T13:28:29 IST" name="close" finished-at="2025-06-10T13:28:30 IST" duration-ms="314" status="PASS">
          <reporter-output>
          </reporter-output>
        </test-method> <!-- close -->
      </class> <!-- com.hrm.scenario1.Pages.LoginAndLogout -->
    </test> <!-- Default test -->
  </suite> <!-- Default suite -->
</testng-results>
